Command line:
   uart_tb_isim_beh.exe
     -simmode  gui
     -simrunnum  0
     -socket  44411

Fri Nov  2 20:12:17 2018


 Elaboration Time: 0.08 sec

 Current Memory Usage: 212.914 Meg

 Total Signals          : 40
 Total Nets             : 50
 Total Signal Drivers   : 11
 Total Blocks           : 5
 Total Primitive Blocks : 4
 Total Processes        : 5
 Total Traceable Variables  : 14
 Total Scalar Nets and Variables : 534
Total Line Count : 42

 Total Simulation Time: 0.09 sec

 Current Memory Usage: 288.416 Meg

Fri Nov  2 20:12:49 2018

