Release 14.7 - xst P.20131013 (lin64)
Copyright (c) 1995-2013 Xilinx, Inc.  All rights reserved.
--> 
Parameter TMPDIR set to xst/projnav.tmp


Total REAL time to Xst completion: 0.00 secs
Total CPU time to Xst completion: 0.05 secs
 
--> 
Parameter xsthdpdir set to xst


Total REAL time to Xst completion: 0.00 secs
Total CPU time to Xst completion: 0.05 secs
 
--> 
Reading design: FlashyLights.prj

TABLE OF CONTENTS
  1) Synthesis Options Summary
  2) HDL Compilation
  3) Design Hierarchy Analysis
  4) HDL Analysis
  5) HDL Synthesis
     5.1) HDL Synthesis Report
  6) Advanced HDL Synthesis
     6.1) Advanced HDL Synthesis Report
  7) Low Level Synthesis
  8) Partition Report
  9) Final Report
	9.1) Device utilization summary
	9.2) Partition Resource Summary
	9.3) TIMING REPORT


=========================================================================
*                      Synthesis Options Summary                        *
=========================================================================
---- Source Parameters
Input File Name                    : "FlashyLights.prj"
Input Format                       : mixed
Ignore Synthesis Constraint File   : NO

---- Target Parameters
Output File Name                   : "FlashyLights"
Output Format                      : NGC
Target Device                      : xc3s500e-4-vq100

---- Source Options
Top Module Name                    : FlashyLights
Automatic FSM Extraction           : YES
FSM Encoding Algorithm             : Auto
Safe Implementation                : No
FSM Style                          : LUT
RAM Extraction                     : Yes
RAM Style                          : Auto
ROM Extraction                     : Yes
Mux Style                          : Auto
Decoder Extraction                 : YES
Priority Encoder Extraction        : Yes
Shift Register Extraction          : YES
Logical Shifter Extraction         : YES
XOR Collapsing                     : YES
ROM Style                          : Auto
Mux Extraction                     : Yes
Resource Sharing                   : YES
Asynchronous To Synchronous        : NO
Multiplier Style                   : Auto
Automatic Register Balancing       : No

---- Target Options
Add IO Buffers                     : YES
Global Maximum Fanout              : 100000
Add Generic Clock Buffer(BUFG)     : 24
Register Duplication               : YES
Slice Packing                      : YES
Optimize Instantiated Primitives   : NO
Use Clock Enable                   : Yes
Use Synchronous Set                : Yes
Use Synchronous Reset              : Yes
Pack IO Registers into IOBs        : Auto
Equivalent register Removal        : YES

---- General Options
Optimization Goal                  : Speed
Optimization Effort                : 1
Keep Hierarchy                     : No
Netlist Hierarchy                  : As_Optimized
RTL Output                         : Yes
Global Optimization                : AllClockNets
Read Cores                         : YES
Write Timing Constraints           : NO
Cross Clock Analysis               : NO
Hierarchy Separator                : /
Bus Delimiter                      : <>
Case Specifier                     : Maintain
Slice Utilization Ratio            : 100
BRAM Utilization Ratio             : 100
Verilog 2001                       : YES
Auto BRAM Packing                  : NO
Slice Utilization Ratio Delta      : 5

---- Other Options
Cores Search Directories           : {"ipcore_dir"  }

=========================================================================


=========================================================================
*                          HDL Compilation                              *
=========================================================================
Compiling verilog file "ipcore_dir/memory.v" in library work
Compiling verilog file "ipcore_dir/counter30.v" in library work
Module <memory> compiled
Module <counter30> compiled
No errors in compilation
Analysis of file <"FlashyLights.prj"> succeeded.
 
WARNING:HDLParsers:3607 - Unit work/FlashyLights is now defined in a different file.  It was defined in "/home/roby/hardware-projects/flashylights/FlashyLights.vhd", and is now defined in "/home/roby-jacob/hardware-projects/flashylights/FlashyLights.vhd".
WARNING:HDLParsers:3607 - Unit work/FlashyLights/Behavioral is now defined in a different file.  It was defined in "/home/roby/hardware-projects/flashylights/FlashyLights.vhd", and is now defined in "/home/roby-jacob/hardware-projects/flashylights/FlashyLights.vhd".
Compiling vhdl file "/home/roby-jacob/hardware-projects/flashylights/FlashyLights.vhd" in Library work.
Entity <flashylights> compiled.
Entity <flashylights> (Architecture <behavioral>) compiled.

=========================================================================
*                     Design Hierarchy Analysis                         *
=========================================================================
Analyzing hierarchy for entity <FlashyLights> in library <work> (architecture <behavioral>).


=========================================================================
*                            HDL Analysis                               *
=========================================================================
Analyzing Entity <FlashyLights> in library <work> (Architecture <behavioral>).
WARNING:Xst:2211 - "/home/roby-jacob/hardware-projects/flashylights/FlashyLights.vhd" line 57: Instantiating black box module <counter30>.
    Set property "SYN_NOPRUNE = 1" for unit <counter30>.
WARNING:Xst:2211 - "/home/roby-jacob/hardware-projects/flashylights/FlashyLights.vhd" line 63: Instantiating black box module <memory>.
Entity <FlashyLights> analyzed. Unit <FlashyLights> generated.


=========================================================================
*                           HDL Synthesis                               *
=========================================================================

Performing bidirectional port resolution...

Synthesizing Unit <FlashyLights>.
    Related source file is "/home/roby-jacob/hardware-projects/flashylights/FlashyLights.vhd".
Unit <FlashyLights> synthesized.


=========================================================================
HDL Synthesis Report

Found no macro
=========================================================================

=========================================================================
*                       Advanced HDL Synthesis                          *
=========================================================================

Reading core <ipcore_dir/counter30.ngc>.
Reading Secure Unit <blk00000001>.
Reading core <ipcore_dir/memory.ngc>.
Loading core <counter30> for timing and area information for instance <addr_count>.
Loading core <memory> for timing and area information for instance <rom_memory>.

=========================================================================
Advanced HDL Synthesis Report

Found no macro
=========================================================================

=========================================================================
*                         Low Level Synthesis                           *
=========================================================================

Optimizing unit <FlashyLights> ...

Mapping all equations...
Building and optimizing final netlist ...
Found area constraint ratio of 100 (+ 5) on block FlashyLights, actual ratio is 0.

Final Macro Processing ...

=========================================================================
Final Register Report

Found no macro
=========================================================================

=========================================================================
*                           Partition Report                            *
=========================================================================

Partition Implementation Status
-------------------------------

  No Partitions were found in this design.

-------------------------------

=========================================================================
*                            Final Report                               *
=========================================================================
Final Results
RTL Top Level Output File Name     : FlashyLights.ngr
Top Level Output File Name         : FlashyLights
Output Format                      : NGC
Optimization Goal                  : Speed
Keep Hierarchy                     : No

Design Statistics
# IOs                              : 9

Cell Usage :
# BELS                             : 2
#      GND                         : 1
#      VCC                         : 1
# RAMS                             : 1
#      RAMB16_S18_S18              : 1
# Clock Buffers                    : 1
#      BUFGP                       : 1
# IO Buffers                       : 8
#      OBUF                        : 8
=========================================================================

Device utilization summary:
---------------------------

Selected Device : 3s500evq100-4 

 Number of Slices:                        0  out of   4656     0%  
 Number of IOs:                           9
 Number of bonded IOBs:                   9  out of     66    13%  
 Number of BRAMs:                         1  out of     20     5%  
 Number of GCLKs:                         1  out of     24     4%  

---------------------------
Partition Resource Summary:
---------------------------

  No Partitions were found in this design.

---------------------------


=========================================================================
TIMING REPORT

NOTE: THESE TIMING NUMBERS ARE ONLY A SYNTHESIS ESTIMATE.
      FOR ACCURATE TIMING INFORMATION PLEASE REFER TO THE TRACE REPORT
      GENERATED AFTER PLACE-and-ROUTE.

Clock Information:
------------------
-----------------------------------+----------------------------------------------------------------------------------------------------------------------------------+-------+
Clock Signal                       | Clock buffer(FF name)                                                                                                            | Load  |
-----------------------------------+----------------------------------------------------------------------------------------------------------------------------------+-------+
CLK                                | BUFGP                                                                                                                            | 11    |
rom_memory/N1                      | NONE(rom_memory/U0/xst_blk_mem_generator/gnativebmg.native_blk_mem_gen/valid.cstr/ramloop[0].ram.r/s3_init.ram/dpram.dp18x18.ram)| 1     |
-----------------------------------+----------------------------------------------------------------------------------------------------------------------------------+-------+
INFO:Xst:2169 - HDL ADVISOR - Some clock signals were not automatically buffered by XST with BUFG/BUFR resources. Please use the buffer_type constraint in order to insert these buffers to the clock signals to help prevent skew problems.

Asynchronous Control Signals Information:
----------------------------------------
No asynchronous control signals found in this design

Timing Summary:
---------------
Speed Grade: -4

   Minimum period: 3.906ns (Maximum Frequency: 256.016MHz)
   Minimum input arrival time before clock: No path found
   Maximum output required time after clock: 6.492ns
   Maximum combinational path delay: No path found

Timing Detail:
--------------
All values displayed in nanoseconds (ns)

=========================================================================
Timing constraint: Default period analysis for Clock 'CLK'
  Clock period: 3.906ns (frequency: 256.016MHz)
  Total number of paths / destination ports: 65 / 20
-------------------------------------------------------------------------
Delay:               3.906ns (Levels of Logic = 10)
  Source:            sec_inst (FF)
  Destination:       sec_inst (FF)
  Source Clock:      CLK rising
  Destination Clock: CLK rising

  Data Path: sec_inst to sec_inst
                                Gate     Net
    Cell:in->out      fanout   Delay   Delay  Logical Name (Net Name)
    ----------------------------------------  ------------
     SEC:C->out            2   0.591   0.622  sec_inst (sec_net)
     SEC:in->out           1   0.704   0.000  sec_inst (sec_net)
     SEC:in->out           1   0.464   0.000  sec_inst (sec_net)
     SEC:in->out           1   0.059   0.000  sec_inst (sec_net)
     SEC:in->out           1   0.059   0.000  sec_inst (sec_net)
     SEC:in->out           1   0.059   0.000  sec_inst (sec_net)
     SEC:in->out           1   0.059   0.000  sec_inst (sec_net)
     SEC:in->out           1   0.059   0.000  sec_inst (sec_net)
     SEC:in->out           1   0.059   0.000  sec_inst (sec_net)
     SEC:in->out           0   0.059   0.000  sec_inst (sec_net)
     SEC:in->out           1   0.804   0.000  sec_inst (sec_net)
     SEC:in                    0.308          sec_inst
    ----------------------------------------
    Total                      3.906ns (3.284ns logic, 0.622ns route)
                                       (84.1% logic, 15.9% route)

=========================================================================
Timing constraint: Default OFFSET OUT AFTER for Clock 'CLK'
  Total number of paths / destination ports: 8 / 8
-------------------------------------------------------------------------
Offset:              6.492ns (Levels of Logic = 2)
  Source:            rom_memory/U0/xst_blk_mem_generator/gnativebmg.native_blk_mem_gen/valid.cstr/ramloop[0].ram.r/s3_init.ram/dpram.dp18x18.ram (RAM)
  Destination:       LED<7> (PAD)
  Source Clock:      CLK rising

  Data Path: rom_memory/U0/xst_blk_mem_generator/gnativebmg.native_blk_mem_gen/valid.cstr/ramloop[0].ram.r/s3_init.ram/dpram.dp18x18.ram to LED<7>
                                Gate     Net
    Cell:in->out      fanout   Delay   Delay  Logical Name (Net Name)
    ----------------------------------------  ------------
     RAMB16_S18_S18:CLKA->DOA11    1   2.800   0.420  U0/xst_blk_mem_generator/gnativebmg.native_blk_mem_gen/valid.cstr/ramloop[0].ram.r/s3_init.ram/dpram.dp18x18.ram (douta<7>)
     end scope: 'rom_memory'
     OBUF:I->O                 3.272          LED_7_OBUF (LED<7>)
    ----------------------------------------
    Total                      6.492ns (6.072ns logic, 0.420ns route)
                                       (93.5% logic, 6.5% route)

=========================================================================


Total REAL time to Xst completion: 7.00 secs
Total CPU time to Xst completion: 7.03 secs
 
--> 


Total memory usage is 504412 kilobytes

Number of errors   :    0 (   0 filtered)
Number of warnings :    4 (   0 filtered)
Number of infos    :    1 (   0 filtered)

