Release 14.7 - xst P.20131013 (lin64)
Copyright (c) 1995-2013 Xilinx, Inc.  All rights reserved.
--> 
Parameter TMPDIR set to xst/projnav.tmp


Total REAL time to Xst completion: 0.00 secs
Total CPU time to Xst completion: 0.05 secs
 
--> 
Parameter xsthdpdir set to xst


Total REAL time to Xst completion: 0.00 secs
Total CPU time to Xst completion: 0.06 secs
 
--> 
Reading design: UART_RX.prj

TABLE OF CONTENTS
  1) Synthesis Options Summary
  2) HDL Compilation
  3) Design Hierarchy Analysis
  4) HDL Analysis
  5) HDL Synthesis
     5.1) HDL Synthesis Report
  6) Advanced HDL Synthesis
     6.1) Advanced HDL Synthesis Report
  7) Low Level Synthesis
  8) Partition Report
  9) Final Report
	9.1) Device utilization summary
	9.2) Partition Resource Summary
	9.3) TIMING REPORT


=========================================================================
*                      Synthesis Options Summary                        *
=========================================================================
---- Source Parameters
Input File Name                    : "UART_RX.prj"
Input Format                       : mixed
Ignore Synthesis Constraint File   : NO

---- Target Parameters
Output File Name                   : "UART_RX"
Output Format                      : NGC
Target Device                      : xc3s500e-4-vq100

---- Source Options
Top Module Name                    : UART_RX
Automatic FSM Extraction           : YES
FSM Encoding Algorithm             : Auto
Safe Implementation                : No
FSM Style                          : LUT
RAM Extraction                     : Yes
RAM Style                          : Auto
ROM Extraction                     : Yes
Mux Style                          : Auto
Decoder Extraction                 : YES
Priority Encoder Extraction        : Yes
Shift Register Extraction          : YES
Logical Shifter Extraction         : YES
XOR Collapsing                     : YES
ROM Style                          : Auto
Mux Extraction                     : Yes
Resource Sharing                   : YES
Asynchronous To Synchronous        : NO
Multiplier Style                   : Auto
Automatic Register Balancing       : No

---- Target Options
Add IO Buffers                     : YES
Global Maximum Fanout              : 100000
Add Generic Clock Buffer(BUFG)     : 24
Register Duplication               : YES
Slice Packing                      : YES
Optimize Instantiated Primitives   : NO
Use Clock Enable                   : Yes
Use Synchronous Set                : Yes
Use Synchronous Reset              : Yes
Pack IO Registers into IOBs        : Auto
Equivalent register Removal        : YES

---- General Options
Optimization Goal                  : Speed
Optimization Effort                : 1
Keep Hierarchy                     : No
Netlist Hierarchy                  : As_Optimized
RTL Output                         : Yes
Global Optimization                : AllClockNets
Read Cores                         : YES
Write Timing Constraints           : NO
Cross Clock Analysis               : NO
Hierarchy Separator                : /
Bus Delimiter                      : <>
Case Specifier                     : Maintain
Slice Utilization Ratio            : 100
BRAM Utilization Ratio             : 100
Verilog 2001                       : YES
Auto BRAM Packing                  : NO
Slice Utilization Ratio Delta      : 5

=========================================================================


=========================================================================
*                          HDL Compilation                              *
=========================================================================
Compiling vhdl file "/home/roby/hardware-projects/serial-communication/UART_RX.vhd" in Library work.
Entity <uart_rx> compiled.
Entity <uart_rx> (Architecture <behavioral>) compiled.

=========================================================================
*                     Design Hierarchy Analysis                         *
=========================================================================
Analyzing hierarchy for entity <UART_RX> in library <work> (architecture <behavioral>) with generics.
	g_CLKS_PER_BIT = 3333


=========================================================================
*                            HDL Analysis                               *
=========================================================================
Analyzing generic Entity <UART_RX> in library <work> (Architecture <behavioral>).
	g_CLKS_PER_BIT = 3333
Entity <UART_RX> analyzed. Unit <UART_RX> generated.


=========================================================================
*                           HDL Synthesis                               *
=========================================================================

Performing bidirectional port resolution...

Synthesizing Unit <UART_RX>.
    Related source file is "/home/roby/hardware-projects/serial-communication/UART_RX.vhd".
    Found finite state machine <FSM_0> for signal <r_SM_Main>.
    -----------------------------------------------------------------------
    | States             | 5                                              |
    | Transitions        | 11                                             |
    | Inputs             | 4                                              |
    | Outputs            | 6                                              |
    | Clock              | i_Clk                     (rising_edge)        |
    | Power Up State     | s_idle                                         |
    | Encoding           | automatic                                      |
    | Implementation     | LUT                                            |
    -----------------------------------------------------------------------
    Found 3-bit register for signal <r_Bit_Index>.
    Found 3-bit adder for signal <r_Bit_Index$addsub0000> created at line 116.
    Found 12-bit register for signal <r_Clk_Count>.
    Found 12-bit adder for signal <r_Clk_Count$share0000> created at line 76.
    Found 8-bit register for signal <r_RX_Byte>.
    Found 1-bit register for signal <r_RX_Data>.
    Found 1-bit register for signal <r_RX_Data_R>.
    Found 1-bit register for signal <r_RX_DV>.
    Found 12-bit comparator less for signal <r_SM_Main$cmp_lt0000> created at line 107.
    Found 3-bit comparator less for signal <r_SM_Main$cmp_lt0001> created at line 115.
    Summary:
	inferred   1 Finite State Machine(s).
	inferred  26 D-type flip-flop(s).
	inferred   2 Adder/Subtractor(s).
	inferred   2 Comparator(s).
Unit <UART_RX> synthesized.

INFO:Xst:1767 - HDL ADVISOR - Resource sharing has identified that some arithmetic operations in this design can share the same physical resources for reduced device utilization. For improved clock frequency you may try to disable resource sharing.

=========================================================================
HDL Synthesis Report

Macro Statistics
# Adders/Subtractors                                   : 2
 12-bit adder                                          : 1
 3-bit adder                                           : 1
# Registers                                            : 13
 1-bit register                                        : 11
 12-bit register                                       : 1
 3-bit register                                        : 1
# Comparators                                          : 2
 12-bit comparator less                                : 1
 3-bit comparator less                                 : 1

=========================================================================

=========================================================================
*                       Advanced HDL Synthesis                          *
=========================================================================

Analyzing FSM <FSM_0> for best encoding.
Optimizing FSM <r_SM_Main/FSM> on signal <r_SM_Main[1:3]> with gray encoding.
----------------------------
 State          | Encoding
----------------------------
 s_idle         | 000
 s_rx_start_bit | 001
 s_rx_data_bits | 011
 s_rx_stop_bit  | 010
 s_cleanup      | 110
----------------------------

=========================================================================
Advanced HDL Synthesis Report

Macro Statistics
# FSMs                                                 : 1
# Adders/Subtractors                                   : 2
 12-bit adder                                          : 1
 3-bit adder                                           : 1
# Registers                                            : 26
 Flip-Flops                                            : 26
# Comparators                                          : 2
 12-bit comparator less                                : 1
 3-bit comparator less                                 : 1

=========================================================================

=========================================================================
*                         Low Level Synthesis                           *
=========================================================================

Optimizing unit <UART_RX> ...

Mapping all equations...
Building and optimizing final netlist ...
Found area constraint ratio of 100 (+ 5) on block UART_RX, actual ratio is 0.

Final Macro Processing ...

Processing Unit <UART_RX> :
	Found 2-bit shift register for signal <r_RX_Data>.
Unit <UART_RX> processed.

=========================================================================
Final Register Report

Macro Statistics
# Registers                                            : 27
 Flip-Flops                                            : 27
# Shift Registers                                      : 1
 2-bit shift register                                  : 1

=========================================================================

=========================================================================
*                           Partition Report                            *
=========================================================================

Partition Implementation Status
-------------------------------

  No Partitions were found in this design.

-------------------------------

=========================================================================
*                            Final Report                               *
=========================================================================
Final Results
RTL Top Level Output File Name     : UART_RX.ngr
Top Level Output File Name         : UART_RX
Output Format                      : NGC
Optimization Goal                  : Speed
Keep Hierarchy                     : No

Design Statistics
# IOs                              : 11

Cell Usage :
# BELS                             : 100
#      GND                         : 1
#      INV                         : 1
#      LUT1                        : 11
#      LUT2                        : 4
#      LUT2_D                      : 2
#      LUT2_L                      : 3
#      LUT3                        : 8
#      LUT3_D                      : 1
#      LUT4                        : 35
#      LUT4_D                      : 5
#      LUT4_L                      : 2
#      MUXCY                       : 11
#      MUXF5                       : 3
#      VCC                         : 1
#      XORCY                       : 12
# FlipFlops/Latches                : 28
#      FD                          : 18
#      FDE                         : 8
#      FDS                         : 2
# Shift Registers                  : 1
#      SRL16                       : 1
# Clock Buffers                    : 1
#      BUFGP                       : 1
# IO Buffers                       : 10
#      IBUF                        : 1
#      OBUF                        : 9
=========================================================================

Device utilization summary:
---------------------------

Selected Device : 3s500evq100-4 

 Number of Slices:                       40  out of   4656     0%  
 Number of Slice Flip Flops:             28  out of   9312     0%  
 Number of 4 input LUTs:                 73  out of   9312     0%  
    Number used as logic:                72
    Number used as Shift registers:       1
 Number of IOs:                          11
 Number of bonded IOBs:                  11  out of     66    16%  
 Number of GCLKs:                         1  out of     24     4%  

---------------------------
Partition Resource Summary:
---------------------------

  No Partitions were found in this design.

---------------------------


=========================================================================
TIMING REPORT

NOTE: THESE TIMING NUMBERS ARE ONLY A SYNTHESIS ESTIMATE.
      FOR ACCURATE TIMING INFORMATION PLEASE REFER TO THE TRACE REPORT
      GENERATED AFTER PLACE-and-ROUTE.

Clock Information:
------------------
-----------------------------------+------------------------+-------+
Clock Signal                       | Clock buffer(FF name)  | Load  |
-----------------------------------+------------------------+-------+
i_Clk                              | BUFGP                  | 29    |
-----------------------------------+------------------------+-------+

Asynchronous Control Signals Information:
----------------------------------------
No asynchronous control signals found in this design

Timing Summary:
---------------
Speed Grade: -4

   Minimum period: 6.543ns (Maximum Frequency: 152.835MHz)
   Minimum input arrival time before clock: 2.059ns
   Maximum output required time after clock: 4.310ns
   Maximum combinational path delay: No path found

Timing Detail:
--------------
All values displayed in nanoseconds (ns)

=========================================================================
Timing constraint: Default period analysis for Clock 'i_Clk'
  Clock period: 6.543ns (frequency: 152.835MHz)
  Total number of paths / destination ports: 963 / 38
-------------------------------------------------------------------------
Delay:               6.543ns (Levels of Logic = 4)
  Source:            r_Clk_Count_11 (FF)
  Destination:       r_Clk_Count_0 (FF)
  Source Clock:      i_Clk rising
  Destination Clock: i_Clk rising

  Data Path: r_Clk_Count_11 to r_Clk_Count_0
                                Gate     Net
    Cell:in->out      fanout   Delay   Delay  Logical Name (Net Name)
    ----------------------------------------  ------------
     FD:C->Q               8   0.591   0.761  r_Clk_Count_11 (r_Clk_Count_11)
     LUT4_D:I3->O          3   0.704   0.706  r_SM_Main_cmp_eq000010 (r_SM_Main_cmp_eq000010)
     LUT4:I0->O            1   0.704   0.424  r_Clk_Count_mux0000<0>262 (r_Clk_Count_mux0000<0>262)
     LUT4_D:I3->O         11   0.704   0.937  r_Clk_Count_mux0000<0>265 (N3)
     LUT4:I3->O            1   0.704   0.000  r_Clk_Count_mux0000<8>1 (r_Clk_Count_mux0000<8>)
     FD:D                      0.308          r_Clk_Count_3
    ----------------------------------------
    Total                      6.543ns (3.715ns logic, 2.828ns route)
                                       (56.8% logic, 43.2% route)

=========================================================================
Timing constraint: Default OFFSET IN BEFORE for Clock 'i_Clk'
  Total number of paths / destination ports: 1 / 1
-------------------------------------------------------------------------
Offset:              2.059ns (Levels of Logic = 1)
  Source:            i_RX_Serial (PAD)
  Destination:       Mshreg_r_RX_Data (FF)
  Destination Clock: i_Clk rising

  Data Path: i_RX_Serial to Mshreg_r_RX_Data
                                Gate     Net
    Cell:in->out      fanout   Delay   Delay  Logical Name (Net Name)
    ----------------------------------------  ------------
     IBUF:I->O             1   1.218   0.420  i_RX_Serial_IBUF (i_RX_Serial_IBUF)
     SRL16:D                   0.421          Mshreg_r_RX_Data
    ----------------------------------------
    Total                      2.059ns (1.639ns logic, 0.420ns route)
                                       (79.6% logic, 20.4% route)

=========================================================================
Timing constraint: Default OFFSET OUT AFTER for Clock 'i_Clk'
  Total number of paths / destination ports: 9 / 9
-------------------------------------------------------------------------
Offset:              4.310ns (Levels of Logic = 1)
  Source:            r_RX_DV (FF)
  Destination:       o_RX_DV (PAD)
  Source Clock:      i_Clk rising

  Data Path: r_RX_DV to o_RX_DV
                                Gate     Net
    Cell:in->out      fanout   Delay   Delay  Logical Name (Net Name)
    ----------------------------------------  ------------
     FDS:C->Q              2   0.591   0.447  r_RX_DV (r_RX_DV)
     OBUF:I->O                 3.272          o_RX_DV_OBUF (o_RX_DV)
    ----------------------------------------
    Total                      4.310ns (3.863ns logic, 0.447ns route)
                                       (89.6% logic, 10.4% route)

=========================================================================


Total REAL time to Xst completion: 5.00 secs
Total CPU time to Xst completion: 4.56 secs
 
--> 


Total memory usage is 531804 kilobytes

Number of errors   :    0 (   0 filtered)
Number of warnings :    0 (   0 filtered)
Number of infos    :    1 (   0 filtered)

