Command line:
   and_gate_isim_beh.exe
     -simmode  gui
     -simrunnum  0
     -socket  60475

Mon Aug 13 20:44:56 2018


 Elaboration Time: 0.04 sec

 Current Memory Usage: 246.497 Meg

 Total Signals          : 3
 Total Nets             : 3
 Total Signal Drivers   : 1
 Total Blocks           : 2
 Total Primitive Blocks : 2
 Total Processes        : 1
 Total Traceable Variables  : 8
 Total Scalar Nets and Variables : 363
Total Line Count : 1

 Total Simulation Time: 0.04 sec

 Current Memory Usage: 321.999 Meg

Mon Aug 13 21:01:42 2018

