Command line:
   simulate_isim_beh.exe
     -simmode  gui
     -simrunnum  0
     -socket  50365

Fri Nov  2 20:38:25 2018


 Elaboration Time: 0.04 sec

 Current Memory Usage: 212.914 Meg

 Total Signals          : 51
 Total Nets             : 69
 Total Signal Drivers   : 16
 Total Blocks           : 6
 Total Primitive Blocks : 4
 Total Processes        : 10
 Total Traceable Variables  : 17
 Total Scalar Nets and Variables : 556
Total Line Count : 72

 Total Simulation Time: 0.04 sec

 Current Memory Usage: 288.416 Meg

Fri Nov  2 20:39:08 2018

