Running: /opt/Xilinx/14.7/ISE_DS/ISE/bin/lin64/unwrapped/fuse -intstyle ise -incremental -o /home/roby/hardware-projects/alu/alu_test_isim_beh.exe -prj /home/roby/hardware-projects/alu/alu_test_beh.prj work.alu_test 
ISim P.20131013 (signature 0xfbc00daa)
Number of CPUs detected in this system: 4
Turning on mult-threading, number of parallel sub-compilation jobs: 8 
Determining compilation order of HDL files
Parsing VHDL file "/home/roby/hardware-projects/alu/alu.vhd" into library work
Parsing VHDL file "/home/roby/hardware-projects/alu/alu_test.vhd" into library work
Starting static elaboration
Completed static elaboration
Fuse Memory Usage: 98952 KB
Fuse CPU Usage: 1380 ms
Compiling package standard
Compiling package std_logic_1164
Compiling package std_logic_arith
Compiling package std_logic_unsigned
Compiling package numeric_std
Compiling architecture behavioral of entity alu [alu_default]
Compiling architecture behavior of entity alu_test
Time Resolution for simulation is 1ps.
Waiting for 1 sub-compilation(s) to finish...
Compiled 8 VHDL Units
Built simulation executable /home/roby/hardware-projects/alu/alu_test_isim_beh.exe
Fuse Memory Usage: 674704 KB
Fuse CPU Usage: 1540 ms
GCC CPU Usage: 310 ms
