Release 14.7 - xst P.20131013 (lin64)
Copyright (c) 1995-2013 Xilinx, Inc.  All rights reserved.
--> 
Parameter TMPDIR set to xst/projnav.tmp


Total REAL time to Xst completion: 0.00 secs
Total CPU time to Xst completion: 0.05 secs
 
--> 
Parameter xsthdpdir set to xst


Total REAL time to Xst completion: 0.00 secs
Total CPU time to Xst completion: 0.05 secs
 
--> 
Reading design: piso.prj

TABLE OF CONTENTS
  1) Synthesis Options Summary
  2) HDL Compilation
  3) Design Hierarchy Analysis
  4) HDL Analysis
  5) HDL Synthesis
     5.1) HDL Synthesis Report
  6) Advanced HDL Synthesis
     6.1) Advanced HDL Synthesis Report
  7) Low Level Synthesis
  8) Partition Report
  9) Final Report
	9.1) Device utilization summary
	9.2) Partition Resource Summary
	9.3) TIMING REPORT


=========================================================================
*                      Synthesis Options Summary                        *
=========================================================================
---- Source Parameters
Input File Name                    : "piso.prj"
Input Format                       : mixed
Ignore Synthesis Constraint File   : NO

---- Target Parameters
Output File Name                   : "piso"
Output Format                      : NGC
Target Device                      : xc3s500e-5-vq100

---- Source Options
Top Module Name                    : piso
Automatic FSM Extraction           : YES
FSM Encoding Algorithm             : Auto
Safe Implementation                : No
FSM Style                          : LUT
RAM Extraction                     : Yes
RAM Style                          : Auto
ROM Extraction                     : Yes
Mux Style                          : Auto
Decoder Extraction                 : YES
Priority Encoder Extraction        : Yes
Shift Register Extraction          : YES
Logical Shifter Extraction         : YES
XOR Collapsing                     : YES
ROM Style                          : Auto
Mux Extraction                     : Yes
Resource Sharing                   : YES
Asynchronous To Synchronous        : NO
Multiplier Style                   : Auto
Automatic Register Balancing       : No

---- Target Options
Add IO Buffers                     : YES
Global Maximum Fanout              : 500
Add Generic Clock Buffer(BUFG)     : 24
Register Duplication               : YES
Slice Packing                      : YES
Optimize Instantiated Primitives   : NO
Use Clock Enable                   : Yes
Use Synchronous Set                : Yes
Use Synchronous Reset              : Yes
Pack IO Registers into IOBs        : Auto
Equivalent register Removal        : YES

---- General Options
Optimization Goal                  : Speed
Optimization Effort                : 1
Keep Hierarchy                     : No
Netlist Hierarchy                  : As_Optimized
RTL Output                         : Yes
Global Optimization                : AllClockNets
Read Cores                         : YES
Write Timing Constraints           : NO
Cross Clock Analysis               : NO
Hierarchy Separator                : /
Bus Delimiter                      : <>
Case Specifier                     : Maintain
Slice Utilization Ratio            : 100
BRAM Utilization Ratio             : 100
Verilog 2001                       : YES
Auto BRAM Packing                  : NO
Slice Utilization Ratio Delta      : 5

=========================================================================


=========================================================================
*                          HDL Compilation                              *
=========================================================================
Compiling vhdl file "/home/roby/hardware-projects/shift_register/piso.vhd" in Library work.
Entity <piso> compiled.
Entity <piso> (Architecture <Behavioral>) compiled.

=========================================================================
*                     Design Hierarchy Analysis                         *
=========================================================================
Analyzing hierarchy for entity <piso> in library <work> (architecture <Behavioral>).


=========================================================================
*                            HDL Analysis                               *
=========================================================================
Analyzing Entity <piso> in library <work> (Architecture <Behavioral>).
Entity <piso> analyzed. Unit <piso> generated.


=========================================================================
*                           HDL Synthesis                               *
=========================================================================

Performing bidirectional port resolution...

Synthesizing Unit <piso>.
    Related source file is "/home/roby/hardware-projects/shift_register/piso.vhd".
    Found 1-bit register for signal <data_out>.
    Found 8-bit register for signal <tmp>.
    Summary:
	inferred   9 D-type flip-flop(s).
Unit <piso> synthesized.


=========================================================================
HDL Synthesis Report

Macro Statistics
# Registers                                            : 9
 1-bit register                                        : 9

=========================================================================

=========================================================================
*                       Advanced HDL Synthesis                          *
=========================================================================


=========================================================================
Advanced HDL Synthesis Report

Macro Statistics
# Registers                                            : 9
 Flip-Flops                                            : 9

=========================================================================

=========================================================================
*                         Low Level Synthesis                           *
=========================================================================

Optimizing unit <piso> ...

Mapping all equations...
Building and optimizing final netlist ...
Found area constraint ratio of 100 (+ 5) on block piso, actual ratio is 0.

Final Macro Processing ...

=========================================================================
Final Register Report

Macro Statistics
# Registers                                            : 9
 Flip-Flops                                            : 9

=========================================================================

=========================================================================
*                           Partition Report                            *
=========================================================================

Partition Implementation Status
-------------------------------

  No Partitions were found in this design.

-------------------------------

=========================================================================
*                            Final Report                               *
=========================================================================
Final Results
RTL Top Level Output File Name     : piso.ngr
Top Level Output File Name         : piso
Output Format                      : NGC
Optimization Goal                  : Speed
Keep Hierarchy                     : No

Design Statistics
# IOs                              : 12

Cell Usage :
# BELS                             : 18
#      GND                         : 1
#      LUT2                        : 9
#      LUT3                        : 8
# FlipFlops/Latches                : 9
#      FDCP                        : 8
#      FDE                         : 1
# Clock Buffers                    : 1
#      BUFGP                       : 1
# IO Buffers                       : 11
#      IBUF                        : 10
#      OBUF                        : 1
=========================================================================

Device utilization summary:
---------------------------

Selected Device : 3s500evq100-5 

 Number of Slices:                       10  out of   4656     0%  
 Number of Slice Flip Flops:              9  out of   9312     0%  
 Number of 4 input LUTs:                 17  out of   9312     0%  
 Number of IOs:                          12
 Number of bonded IOBs:                  12  out of     66    18%  
 Number of GCLKs:                         1  out of     24     4%  

---------------------------
Partition Resource Summary:
---------------------------

  No Partitions were found in this design.

---------------------------


=========================================================================
TIMING REPORT

NOTE: THESE TIMING NUMBERS ARE ONLY A SYNTHESIS ESTIMATE.
      FOR ACCURATE TIMING INFORMATION PLEASE REFER TO THE TRACE REPORT
      GENERATED AFTER PLACE-and-ROUTE.

Clock Information:
------------------
-----------------------------------+------------------------+-------+
Clock Signal                       | Clock buffer(FF name)  | Load  |
-----------------------------------+------------------------+-------+
clk                                | BUFGP                  | 9     |
-----------------------------------+------------------------+-------+

Asynchronous Control Signals Information:
----------------------------------------
-----------------------------------+------------------------+-------+
Control Signal                     | Buffer(FF name)        | Load  |
-----------------------------------+------------------------+-------+
tmp_0_and0000(tmp_0_and00001:O)    | NONE(tmp_0)            | 1     |
tmp_0_or0000(tmp_0_or00001:O)      | NONE(tmp_0)            | 1     |
tmp_1_and0000(tmp_1_and00001:O)    | NONE(tmp_1)            | 1     |
tmp_1_or0000(tmp_1_or00001:O)      | NONE(tmp_1)            | 1     |
tmp_2_and0000(tmp_2_and00001:O)    | NONE(tmp_2)            | 1     |
tmp_2_or0000(tmp_2_or00001:O)      | NONE(tmp_2)            | 1     |
tmp_3_and0000(tmp_3_and00001:O)    | NONE(tmp_3)            | 1     |
tmp_3_or0000(tmp_3_or00001:O)      | NONE(tmp_3)            | 1     |
tmp_4_and0000(tmp_4_and00001:O)    | NONE(tmp_4)            | 1     |
tmp_4_or0000(tmp_4_or00001:O)      | NONE(tmp_4)            | 1     |
tmp_5_and0000(tmp_5_and00001:O)    | NONE(tmp_5)            | 1     |
tmp_5_or0000(tmp_5_or00001:O)      | NONE(tmp_5)            | 1     |
tmp_6_and0000(tmp_6_and00001:O)    | NONE(tmp_6)            | 1     |
tmp_6_or0000(tmp_6_or00001:O)      | NONE(tmp_6)            | 1     |
tmp_7_and0000(tmp_7_and00001:O)    | NONE(tmp_7)            | 1     |
tmp_7_or0000(tmp_7_or00001:O)      | NONE(tmp_7)            | 1     |
-----------------------------------+------------------------+-------+

Timing Summary:
---------------
Speed Grade: -5

   Minimum period: 1.139ns (Maximum Frequency: 877.963MHz)
   Minimum input arrival time before clock: 3.520ns
   Maximum output required time after clock: 4.040ns
   Maximum combinational path delay: No path found

Timing Detail:
--------------
All values displayed in nanoseconds (ns)

=========================================================================
Timing constraint: Default period analysis for Clock 'clk'
  Clock period: 1.139ns (frequency: 877.963MHz)
  Total number of paths / destination ports: 8 / 8
-------------------------------------------------------------------------
Delay:               1.139ns (Levels of Logic = 0)
  Source:            tmp_0 (FF)
  Destination:       tmp_1 (FF)
  Source Clock:      clk rising
  Destination Clock: clk rising

  Data Path: tmp_0 to tmp_1
                                Gate     Net
    Cell:in->out      fanout   Delay   Delay  Logical Name (Net Name)
    ----------------------------------------  ------------
     FDCP:C->Q             1   0.514   0.357  tmp_0 (tmp_0)
     FDCP:D                    0.268          tmp_1
    ----------------------------------------
    Total                      1.139ns (0.782ns logic, 0.357ns route)
                                       (68.7% logic, 31.3% route)

=========================================================================
Timing constraint: Default OFFSET IN BEFORE for Clock 'clk'
  Total number of paths / destination ports: 2 / 1
-------------------------------------------------------------------------
Offset:              3.520ns (Levels of Logic = 2)
  Source:            load (PAD)
  Destination:       data_out (FF)
  Destination Clock: clk rising

  Data Path: load to data_out
                                Gate     Net
    Cell:in->out      fanout   Delay   Delay  Logical Name (Net Name)
    ----------------------------------------  ------------
     IBUF:I->O            17   1.106   0.962  load_IBUF (load_IBUF)
     LUT2:I1->O            1   0.612   0.357  data_out_and00001 (data_out_not0001_inv)
     FDE:CE                    0.483          data_out
    ----------------------------------------
    Total                      3.520ns (2.201ns logic, 1.319ns route)
                                       (62.5% logic, 37.5% route)

=========================================================================
Timing constraint: Default OFFSET OUT AFTER for Clock 'clk'
  Total number of paths / destination ports: 1 / 1
-------------------------------------------------------------------------
Offset:              4.040ns (Levels of Logic = 1)
  Source:            data_out (FF)
  Destination:       data_out (PAD)
  Source Clock:      clk rising

  Data Path: data_out to data_out
                                Gate     Net
    Cell:in->out      fanout   Delay   Delay  Logical Name (Net Name)
    ----------------------------------------  ------------
     FDE:C->Q              1   0.514   0.357  data_out (data_out_OBUF)
     OBUF:I->O                 3.169          data_out_OBUF (data_out)
    ----------------------------------------
    Total                      4.040ns (3.683ns logic, 0.357ns route)
                                       (91.2% logic, 8.8% route)

=========================================================================


Total REAL time to Xst completion: 4.00 secs
Total CPU time to Xst completion: 4.01 secs
 
--> 


Total memory usage is 518928 kilobytes

Number of errors   :    0 (   0 filtered)
Number of warnings :    0 (   0 filtered)
Number of infos    :    0 (   0 filtered)

